# JRE version: OpenJDK Runtime Environment (21.0.9) (build 21.0.9+-14649483-b1163.86)
# Java VM: OpenJDK 64-Bit Server VM (21.0.9+-14649483-b1163.86, mixed mode, tiered, compressed oops, compressed class ptrs, g1 gc, windows-amd64)
GC Precious Log:
 CardTable entry size: 512
 Card Set container configuration: InlinePtr #cards 5 size 8 Array Of Cards #cards 12 size 40 Howl #buckets 4 coarsen threshold 1843 Howl Bitmap #cards 512 size 80 coarsen threshold 460 Card regions per heap region 1 cards per card region 2048
 CPUs: 4 total, 4 available
 Memory: 8072M
 Large Page Support: Disabled
 NUMA Support: Disabled
 Compressed Oops: Enabled (32-bit)
 Heap Region Size: 1M
 Heap Min Capacity: 8M
 Heap Initial Capacity: 128M
 Heap Max Capacity: 2G
 Pre-touch: Disabled
 Parallel Workers: 4
 Concurrent Workers: 1
 Concurrent Refinement Workers: 4
 Periodic GC: Disabled
Heap:
 garbage-first heap   total 234496K, used 161712K [0x0000000080000000, 0x0000000100000000)
  region size 1024K, 27 young (27648K), 11 survivors (11264K)
 Metaspace       used 121729K, committed 124096K, reserved 1179648K
  class space    used 17006K, committed 18176K, reserved 1048576K
GC Heap History (20 events):
Event: 82.387 GC heap before
{Heap before GC invocations=48 (full 0):
 garbage-first heap   total 189440K, used 176154K [0x0000000080000000, 0x0000000100000000)
  region size 1024K, 64 young (65536K), 7 survivors (7168K)
 Metaspace       used 96075K, committed 98176K, reserved 1179648K
  class space    used 13582K, committed 14592K, reserved 1048576K
}
Event: 82.408 GC heap after
{Heap after GC invocations=49 (full 0):
 garbage-first heap   total 189440K, used 119888K [0x0000000080000000, 0x0000000100000000)
  region size 1024K, 6 young (6144K), 6 survivors (6144K)
 Metaspace       used 96075K, committed 98176K, reserved 1179648K
  class space    used 13582K, committed 14592K, reserved 1048576K
}
Event: 86.339 GC heap before
{Heap before GC invocations=50 (full 0):
 garbage-first heap   total 199680K, used 176208K [0x0000000080000000, 0x0000000100000000)
  region size 1024K, 62 young (63488K), 6 survivors (6144K)
 Metaspace       used 99795K, committed 102016K, reserved 1179648K
  class space    used 14233K, committed 15296K, reserved 1048576K
}
Event: 86.357 GC heap after
{Heap after GC invocations=51 (full 0):
 garbage-first heap   total 199680K, used 121446K [0x0000000080000000, 0x0000000100000000)
  region size 1024K, 5 young (5120K), 5 survivors (5120K)
 Metaspace       used 99795K, committed 102016K, reserved 1179648K
  class space    used 14233K, committed 15296K, reserved 1048576K
}
Event: 90.767 GC heap before
{Heap before GC invocations=51 (full 0):
 garbage-first heap   total 199680K, used 188006K [0x0000000080000000, 0x0000000100000000)
  region size 1024K, 69 young (70656K), 5 survivors (5120K)
 Metaspace       used 105899K, committed 108160K, reserved 1179648K
  class space    used 15101K, committed 16192K, reserved 1048576K
}
Event: 90.787 GC heap after
{Heap after GC invocations=52 (full 0):
 garbage-first heap   total 201728K, used 127120K [0x0000000080000000, 0x0000000100000000)
  region size 1024K, 9 young (9216K), 9 survivors (9216K)
 Metaspace       used 105899K, committed 108160K, reserved 1179648K
  class space    used 15101K, committed 16192K, reserved 1048576K
}
Event: 92.763 GC heap before
{Heap before GC invocations=52 (full 0):
 garbage-first heap   total 201728K, used 189584K [0x0000000080000000, 0x0000000100000000)
  region size 1024K, 70 young (71680K), 9 survivors (9216K)
 Metaspace       used 105901K, committed 108160K, reserved 1179648K
  class space    used 15101K, committed 16192K, reserved 1048576K
}
Event: 92.789 GC heap after
{Heap after GC invocations=53 (full 0):
 garbage-first heap   total 203776K, used 131435K [0x0000000080000000, 0x0000000100000000)
  region size 1024K, 7 young (7168K), 7 survivors (7168K)
 Metaspace       used 105901K, committed 108160K, reserved 1179648K
  class space    used 15101K, committed 16192K, reserved 1048576K
}
Event: 97.150 GC heap before
{Heap before GC invocations=54 (full 0):
 garbage-first heap   total 219136K, used 188779K [0x0000000080000000, 0x0000000100000000)
  region size 1024K, 64 young (65536K), 7 survivors (7168K)
 Metaspace       used 105901K, committed 108160K, reserved 1179648K
  class space    used 15101K, committed 16192K, reserved 1048576K
}
Event: 97.168 GC heap after
{Heap after GC invocations=55 (full 0):
 garbage-first heap   total 219136K, used 133705K [0x0000000080000000, 0x0000000100000000)
  region size 1024K, 6 young (6144K), 6 survivors (6144K)
 Metaspace       used 105901K, committed 108160K, reserved 1179648K
  class space    used 15101K, committed 16192K, reserved 1048576K
}
Event: 101.298 GC heap before
{Heap before GC invocations=55 (full 0):
 garbage-first heap   total 219136K, used 202313K [0x0000000080000000, 0x0000000100000000)
  region size 1024K, 73 young (74752K), 6 survivors (6144K)
 Metaspace       used 106546K, committed 108928K, reserved 1179648K
  class space    used 15173K, committed 16320K, reserved 1048576K
}
Event: 101.332 GC heap after
{Heap after GC invocations=56 (full 0):
 garbage-first heap   total 219136K, used 136026K [0x0000000080000000, 0x0000000100000000)
  region size 1024K, 10 young (10240K), 10 survivors (10240K)
 Metaspace       used 106546K, committed 108928K, reserved 1179648K
  class space    used 15173K, committed 16320K, reserved 1048576K
}
Event: 101.349 GC heap before
{Heap before GC invocations=56 (full 0):
 garbage-first heap   total 219136K, used 136026K [0x0000000080000000, 0x0000000100000000)
  region size 1024K, 12 young (12288K), 10 survivors (10240K)
 Metaspace       used 106580K, committed 108928K, reserved 1179648K
  class space    used 15178K, committed 16320K, reserved 1048576K
}
Event: 101.368 GC heap after
{Heap after GC invocations=57 (full 0):
 garbage-first heap   total 219136K, used 138016K [0x0000000080000000, 0x0000000100000000)
  region size 1024K, 2 young (2048K), 2 survivors (2048K)
 Metaspace       used 106580K, committed 108928K, reserved 1179648K
  class space    used 15178K, committed 16320K, reserved 1048576K
}
Event: 106.243 GC heap before
{Heap before GC invocations=58 (full 0):
 garbage-first heap   total 234496K, used 206624K [0x0000000080000000, 0x0000000100000000)
  region size 1024K, 67 young (68608K), 2 survivors (2048K)
 Metaspace       used 112956K, committed 115264K, reserved 1179648K
  class space    used 16027K, committed 17152K, reserved 1048576K
}
Event: 106.256 GC heap after
{Heap after GC invocations=59 (full 0):
 garbage-first heap   total 234496K, used 138441K [0x0000000080000000, 0x0000000100000000)
  region size 1024K, 3 young (3072K), 3 survivors (3072K)
 Metaspace       used 112956K, committed 115264K, reserved 1179648K
  class space    used 16027K, committed 17152K, reserved 1048576K
}
Event: 112.701 GC heap before
{Heap before GC invocations=59 (full 0):
 garbage-first heap   total 234496K, used 222409K [0x0000000080000000, 0x0000000100000000)
  region size 1024K, 81 young (82944K), 3 survivors (3072K)
 Metaspace       used 120887K, committed 123328K, reserved 1179648K
  class space    used 16917K, committed 18112K, reserved 1048576K
}
Event: 112.738 GC heap after
{Heap after GC invocations=60 (full 0):
 garbage-first heap   total 234496K, used 140843K [0x0000000080000000, 0x0000000100000000)
  region size 1024K, 6 young (6144K), 6 survivors (6144K)
 Metaspace       used 120887K, committed 123328K, reserved 1179648K
  class space    used 16917K, committed 18112K, reserved 1048576K
}
Event: 118.712 GC heap before
{Heap before GC invocations=60 (full 0):
 garbage-first heap   total 234496K, used 219691K [0x0000000080000000, 0x0000000100000000)
  region size 1024K, 83 young (84992K), 6 survivors (6144K)
 Metaspace       used 121727K, committed 124096K, reserved 1179648K
  class space    used 17006K, committed 18176K, reserved 1048576K
}
Event: 118.736 GC heap after
{Heap after GC invocations=61 (full 0):
 garbage-first heap   total 234496K, used 146352K [0x0000000080000000, 0x0000000100000000)
  region size 1024K, 11 young (11264K), 11 survivors (11264K)
 Metaspace       used 121727K, committed 124096K, reserved 1179648K
  class space    used 17006K, committed 18176K, reserved 1048576K
}

